<?xml version="1.0" encoding="UTF-8"?>
<!-- Generated by org.testng.reporters.JUnitReportReporter -->
<testsuite hostname="Chos-Mac.local" failures="0" tests="1" name="com.gmailtest.GmailTest" time="9.771" errors="0" timestamp="2025-02-19T06:07:23 WIB" skipped="0">
  <testcase classname="com.gmailtest.GmailTest" name="loginAndFetchUnreadEmails" time="9.771"/>
  <system-out/>
</testsuite> <!-- com.gmailtest.GmailTest -->
